<?xml version='1.0' encoding='UTF-8'?>
<testsuite hostname="DESKTOP-OA9C77B" name="PalindromeNumberTest" tests="1" errors="0" failures="0" skipped="0" time="0.036" timestamp="2020-03-30T12:52:10">
                     <properties>
      <property name="java.specification.version" value="14"/><property name="sun.cpu.isalist" value="amd64"/><property name="sun.jnu.encoding" value="Cp1252"/><property name="sun.arch.data.model" value="64"/><property name="java.vendor.url" value="https://adoptopenjdk.net/"/><property name="sun.boot.library.path" value="D:\km\soft\AdoptOpenJDK\jdk-14.0.0.36-hotspot\bin"/><property name="sun.java.command" value="xsbt.boot.Boot test"/><property name="jdk.debug" value="release"/><property name="sun.stderr.encoding" value="cp437"/><property name="java.specification.vendor" value="Oracle Corporation"/><property name="java.version.date" value="2020-03-17"/><property name="java.home" value="D:\km\soft\AdoptOpenJDK\jdk-14.0.0.36-hotspot"/><property name="file.separator" value="\"/><property name="java.vm.compressedOopsMode" value="32-bit"/><property name="line.separator" value="
"/><property name="sun.stdout.encoding" value="cp437"/><property name="java.vm.specification.vendor" value="Oracle Corporation"/><property name="java.specification.name" value="Java Platform API Specification"/><property name="user.script" value=""/><property name="sun.management.compiler" value="HotSpot 64-Bit Tiered Compilers"/><property name="java.runtime.version" value="14+36"/><property name="user.name" value="t4"/><property name="log4j.ignoreTCL" value="true"/><property name="file.encoding" value="UTF-8"/><property name="java.vendor.version" value="AdoptOpenJDK"/><property name="java.io.tmpdir" value="C:\Users\t4\AppData\Local\Temp\"/><property name="java.version" value="14"/><property name="java.vm.specification.name" value="Java Virtual Machine Specification"/><property name="sun.os.patch.level" value=""/><property name="java.library.path" value="D:\km\soft\AdoptOpenJDK\jdk-14.0.0.36-hotspot\bin;C:\Windows\Sun\Java\bin;C:\Windows\system32;C:\Windows;D:\km\soft\AdoptOpenJDK\jdk-14.0.0.36-hotspot\\bin;D:\km\soft\AdoptOpenJDK\jdk-14.0.0.36-hotspot\bin;C:\Windows\system32;C:\Windows;C:\Windows\System32\Wbem;C:\Windows\System32\WindowsPowerShell\v1.0\;C:\Windows\System32\OpenSSH\;D:\km\soft\Git\cmd;D:\km\dev\lang\Go\bin;C:\Program Files (x86)\Common Files\Acronis\SnapAPI\;D:\km\dev\lang\sbt\bin;C:\Users\t4\AppData\Local\Microsoft\WindowsApps;;D:\km\soft\Microsoft VS Code\bin;D:\km\soft\jetbrains\ideace\IntelliJ IDEA Community Edition 201.6251.22\bin;;C:\Users\t4\go\bin;."/><property name="java.vendor" value="AdoptOpenJDK"/><property name="scala.ext.dirs" value="C:\Users\t4\.sbt\0.13\java9-rt-ext-adoptopenjdk_14"/><property name="sun.io.unicode.encoding" value="UnicodeLittle"/><property name="java.class.path" value="D:\km\dev\lang\sbt\\bin\sbt-launch.jar"/><property name="java.vm.vendor" value="AdoptOpenJDK"/><property name="user.variant" value=""/><property name="jline.shutdownhook" value="false"/><property name="user.timezone" value="Asia/Almaty"/><property name="java.vm.specification.version" value="14"/><property name="os.name" value="Windows 10"/><property name="sun.java.launcher" value="SUN_STANDARD"/><property name="user.country" value="US"/><property name="sun.cpu.endian" value="little"/><property name="user.home" value="C:\Users\t4"/><property name="user.language" value="en"/><property name="swoval.tmpdir" value="C:\Users\t4\.sbt\1.0"/><property name="jline.esc.timeout" value="0"/><property name="path.separator" value=";"/><property name="os.version" value="10.0"/><property name="jna.nosys" value="true"/><property name="java.runtime.name" value="OpenJDK Runtime Environment"/><property name="java.vm.name" value="OpenJDK 64-Bit Server VM"/><property name="java.vendor.url.bug" value="https://github.com/AdoptOpenJDK/openjdk-support/issues"/><property name="user.dir" value="D:\km\dev\repo\idea-projects\scala"/><property name="os.arch" value="amd64"/><property name="java.vm.info" value="mixed mode, sharing"/><property name="java.vm.version" value="14+36"/><property name="java.class.version" value="58.0"/>
    </properties>
                     <testcase classname="PalindromeNumberTest" name="PalindromeNumber should get true from 121" time="0.036">
                                                 
                                               </testcase>
                     <system-out><![CDATA[]]></system-out>
                     <system-err><![CDATA[]]></system-err>
                   </testsuite>